Script self: /Users/diegosantinelli/Downloads/OSHPark-Eagle-Tools-master/INSTALL.ulp
Script self dir: /Users/diegosantinelli/Downloads/OSHPark-Eagle-Tools-master/
File source dir: /Users/diegosantinelli/Downloads/OSHPark-Eagle-Tools-master/
ULP Dir: /Users/diegosantinelli/Documents/EAGLE/ulps
SCR Dir: /Users/diegosantinelli/Documents/EAGLE/scripts
BIN Dir: /Applications/EAGLE-9.4.1/eagle.app/Contents/MacOS/
Found Eagle Version 9.400000
Checking oshpark-install.ulp and /Users/diegosantinelli/Documents/EAGLE/ulps/oshpark-install.ulp 
> Identical! Do nothing...
Checking oshpark-update.ulp and /Users/diegosantinelli/Documents/EAGLE/ulps/oshpark-update.ulp 
> Identical! Do nothing...
Checking oshpark-upload.ulp and /Users/diegosantinelli/Documents/EAGLE/ulps/oshpark-upload.ulp 
> Identical! Do nothing...
Checking oshpark-utility-includes.ulp and /Users/diegosantinelli/Documents/EAGLE/ulps/oshpark-utility-includes.ulp 
> Identical! Do nothing...
Checking oshpark.ulp and /Users/diegosantinelli/Documents/EAGLE/ulps/oshpark.ulp 
> Identical! Do nothing...
Checking oshpark.png and /Applications/EAGLE-9.4.1/eagle.app/Contents/MacOS//oshpark.png 
> Identical! Do nothing...
Checking oshpark-2layer-auto-routing.dru and /Users/diegosantinelli/Documents/EAGLE/design rules/oshpark-2layer-auto-routing.dru 
> Identical! Do nothing...
Checking oshpark-2layer-tented.dru and /Users/diegosantinelli/Documents/EAGLE/design rules/oshpark-2layer-tented.dru 
> Identical! Do nothing...
Checking oshpark-2layer.dru and /Users/diegosantinelli/Documents/EAGLE/design rules/oshpark-2layer.dru 
> Identical! Do nothing...
Checking oshpark-4layer-tented.dru and /Users/diegosantinelli/Documents/EAGLE/design rules/oshpark-4layer-tented.dru 
> Identical! Do nothing...
Checking oshpark-4layer.dru and /Users/diegosantinelli/Documents/EAGLE/design rules/oshpark-4layer.dru 
> Identical! Do nothing...
Checking oshpark-2layer-with-milling-slot-paths.cam and /Users/diegosantinelli/Documents/EAGLE/cam/oshpark-2layer-with-milling-slot-paths.cam 
> Identical! Do nothing...
Checking oshpark-2layer.cam and /Users/diegosantinelli/Documents/EAGLE/cam/oshpark-2layer.cam 
> Identical! Do nothing...
Checking oshpark-4layer-with-milling-slot-paths.cam and /Users/diegosantinelli/Documents/EAGLE/cam/oshpark-4layer-with-milling-slot-paths.cam 
> Identical! Do nothing...
Checking oshpark-4layer.cam and /Users/diegosantinelli/Documents/EAGLE/cam/oshpark-4layer.cam 
> Identical! Do nothing...
Found a brd section from 8 to 19
?? MENU ' [oshpark.png]Oshpark{Upload PCB: RUN oshpark-upload.ulp;|Check for updates: RUN oshpark.ulp update;|Update and install:RUN oshpark.ulp update install;} '; ??
++ MENU ' [oshpark.png]Oshpark{Upload PCB: RUN oshpark-upload.ulp;|Check for updates: RUN oshpark.ulp update;|Update and install:RUN oshpark.ulp update install;} ';
 ++
Installing menu.!
>> MENU ' [oshpark.png]Oshpark{Upload PCB: RUN oshpark-upload.ulp;|Check for updates: RUN oshpark.ulp update;|Update and install:RUN oshpark.ulp update install;} ';

