

Microchip MPLAB XC8 Assembler V2.05 build -831301201 
                                                                                               Mon Jun 17 23:16:31 2019

Microchip MPLAB XC8 C Compiler v2.05 (Free license) build 20181220022703 Og1 
     1                           	processor	18F2520
     2                           	fnconf	rparam,??,?,0
     3                           	opt	pw 120
     4                           	opt	flic
     5                           	psect	cinit,global,reloc=2,class=CODE,delta=1
     6                           	psect	cstackCOMRAM,global,class=COMRAM,space=1,delta=1,noexec
     7                           	psect	text0,global,reloc=2,class=CODE,delta=1
     8                           	psect	text1,global,reloc=2,class=CODE,delta=1
     9                           	psect	intsave_regs,global,class=BIGRAM,space=1,delta=1,noexec
    10                           	psect	rparam,global,class=COMRAM,space=1,delta=1,noexec
    11  0000                     
    12                           ; Version 2.05
    13                           ; Generated 20/12/2018 GMT
    14                           ; 
    15                           ; Copyright © 2018, Microchip Technology Inc. and its subsidiaries ("Microchip")
    16                           ; All rights reserved.
    17                           ; 
    18                           ; This software is developed by Microchip Technology Inc. and its subsidiaries ("Microch
      +                          ip").
    19                           ; 
    20                           ; Redistribution and use in source and binary forms, with or without modification, are
    21                           ; permitted provided that the following conditions are met:
    22                           ; 
    23                           ;     1. Redistributions of source code must retain the above copyright notice, this lis
      +                          t of
    24                           ;        conditions and the following disclaimer.
    25                           ; 
    26                           ;     2. Redistributions in binary form must reproduce the above copyright notice, this 
      +                          list
    27                           ;        of conditions and the following disclaimer in the documentation and/or other
    28                           ;        materials provided with the distribution.
    29                           ; 
    30                           ;     3. Microchip's name may not be used to endorse or promote products derived from th
      +                          is
    31                           ;        software without specific prior written permission.
    32                           ; 
    33                           ; THIS SOFTWARE IS PROVIDED BY MICROCHIP "AS IS" AND ANY EXPRESS OR IMPLIED WARRANTIES,
    34                           ; INCLUDING, BUT NOT LIMITED TO, THE IMPLIED WARRANTIES OF MERCHANTABILITY AND FITNESS F
      +                          OR
    35                           ; PURPOSE ARE DISCLAIMED.  IN NO EVENT SHALL MICROCHIP BE LIABLE FOR ANY DIRECT, INDIREC
      +                          T,
    36                           ; INCIDENTAL, SPECIAL, EXEMPLARY, OR CONSEQUENTIAL DAMAGES (INCLUDING BUT NOT LIMITED TO
    37                           ; PROCUREMENT OF SUBSTITUTE GOODS OR SERVICES; LOSS OF USE, DATA OR PROFITS; OR BUSINESS
    38                           ; INTERRUPTION) HOWSOEVER CAUSED AND ON ANY THEORY OF LIABILITY, WHETHER IN CONTRACT, ST
      +                          RICT
    39                           ; LIABILITY, OR TORT (INCLUDING NEGLIGENCE OR OTHERWISE) ARISING IN ANY WAY OUT OF THE U
      +                          SE OF
    40                           ; THIS SOFTWARE, EVEN IF ADVISED OF THE POSSIBILITY OF SUCH DAMAGE.
    41                           ; 
    42                           ; 
    43                           ; Code-generator required, PIC18F2520 Definitions
    44                           ; 
    45                           ; SFR Addresses
    46  0000                     
    47                           ; #config settings
    48                           
    49                           	psect	cinit
    50  007FFA                     __pcinit:
    51                           	opt callstack 0
    52  007FFA                     start_initialization:
    53                           	opt callstack 0
    54  007FFA                     __initialization:
    55                           	opt callstack 0
    56  007FFA                     end_of_initialization:
    57                           	opt callstack 0
    58  007FFA                     __end_of__initialization:
    59                           	opt callstack 0
    60  007FFA  0100               	movlb	0
    61  007FFC  EFFA  F03F         	goto	_main	;jump to C main() function
    62                           
    63                           	psect	cstackCOMRAM
    64  000000                     __pcstackCOMRAM:
    65                           	opt callstack 0
    66  000000                     
    67                           ; 1 bytes @ 0x0
    68 ;;
    69 ;;Main: autosize = 0, tempsize = 0, incstack = 0, save=0
    70 ;;
    71 ;; *************** function _main *****************
    72 ;; Defined at:
    73 ;;		line 13 in file "main.c"
    74 ;; Parameters:    Size  Location     Type
    75 ;;		None
    76 ;; Auto vars:     Size  Location     Type
    77 ;;		None
    78 ;; Return value:  Size  Location     Type
    79 ;;                  1    wreg      void 
    80 ;; Registers used:
    81 ;;		cstack
    82 ;; Tracked objects:
    83 ;;		On entry : 0/0
    84 ;;		On exit  : 0/0
    85 ;;		Unchanged: 0/0
    86 ;; Data sizes:     COMRAM   BANK0   BANK1   BANK2   BANK3   BANK4   BANK5
    87 ;;      Params:         0       0       0       0       0       0       0
    88 ;;      Locals:         0       0       0       0       0       0       0
    89 ;;      Temps:          0       0       0       0       0       0       0
    90 ;;      Totals:         0       0       0       0       0       0       0
    91 ;;Total ram usage:        0 bytes
    92 ;; Hardware stack levels required when called:    1
    93 ;; This function calls:
    94 ;;		_InitDevice
    95 ;; This function is called by:
    96 ;;		Startup code after reset
    97 ;; This function uses a non-reentrant model
    98 ;;
    99                           
   100                           	psect	text0
   101  007FF4                     __ptext0:
   102                           	opt callstack 0
   103  007FF4                     _main:
   104                           	opt callstack 30
   105                           
   106                           ;main.c: 16:     InitDevice();
   107                           
   108                           ;incstack = 0
   109  007FF4  ECF9  F03F         	call	_InitDevice	;wreg free
   110  007FF8                     l8:
   111                           
   112                           ;main.c: 28:     {;main.c: 30:     }
   113  007FF8  D7FF               	goto	l8
   114  007FFA                     __end_of_main:
   115                           	opt callstack 0
   116                           
   117 ;; *************** function _InitDevice *****************
   118 ;; Defined at:
   119 ;;		line 15 in file "./setup.h"
   120 ;; Parameters:    Size  Location     Type
   121 ;;		None
   122 ;; Auto vars:     Size  Location     Type
   123 ;;		None
   124 ;; Return value:  Size  Location     Type
   125 ;;                  1    wreg      void 
   126 ;; Registers used:
   127 ;;		None
   128 ;; Tracked objects:
   129 ;;		On entry : 0/0
   130 ;;		On exit  : 0/0
   131 ;;		Unchanged: 0/0
   132 ;; Data sizes:     COMRAM   BANK0   BANK1   BANK2   BANK3   BANK4   BANK5
   133 ;;      Params:         0       0       0       0       0       0       0
   134 ;;      Locals:         0       0       0       0       0       0       0
   135 ;;      Temps:          0       0       0       0       0       0       0
   136 ;;      Totals:         0       0       0       0       0       0       0
   137 ;;Total ram usage:        0 bytes
   138 ;; Hardware stack levels used:    1
   139 ;; This function calls:
   140 ;;		Nothing
   141 ;; This function is called by:
   142 ;;		_main
   143 ;; This function uses a non-reentrant model
   144 ;;
   145                           
   146                           	psect	text1
   147  007FF2                     __ptext1:
   148                           	opt callstack 0
   149  007FF2                     _InitDevice:
   150                           	opt callstack 30
   151                           
   152                           ;incstack = 0
   153  007FF2  0012               	return		;funcret
   154  007FF4                     __end_of_InitDevice:
   155                           	opt callstack 0
   156  0000                     
   157                           	psect	rparam
   158  0000                     tosu	equ	0xFFF
   159                           tosh	equ	0xFFE
   160                           tosl	equ	0xFFD
   161                           stkptr	equ	0xFFC
   162                           pclatu	equ	0xFFB
   163                           pclath	equ	0xFFA
   164                           pcl	equ	0xFF9
   165                           tblptru	equ	0xFF8
   166                           tblptrh	equ	0xFF7
   167                           tblptrl	equ	0xFF6
   168                           tablat	equ	0xFF5
   169                           prodh	equ	0xFF4
   170                           prodl	equ	0xFF3
   171                           indf0	equ	0xFEF
   172                           postinc0	equ	0xFEE
   173                           postdec0	equ	0xFED
   174                           preinc0	equ	0xFEC
   175                           plusw0	equ	0xFEB
   176                           fsr0h	equ	0xFEA
   177                           fsr0l	equ	0xFE9
   178                           wreg	equ	0xFE8
   179                           indf1	equ	0xFE7
   180                           postinc1	equ	0xFE6
   181                           postdec1	equ	0xFE5
   182                           preinc1	equ	0xFE4
   183                           plusw1	equ	0xFE3
   184                           fsr1h	equ	0xFE2
   185                           fsr1l	equ	0xFE1
   186                           bsr	equ	0xFE0
   187                           indf2	equ	0xFDF
   188                           postinc2	equ	0xFDE
   189                           postdec2	equ	0xFDD
   190                           preinc2	equ	0xFDC
   191                           plusw2	equ	0xFDB
   192                           fsr2h	equ	0xFDA
   193                           fsr2l	equ	0xFD9
   194                           status	equ	0xFD8


Data Sizes:
    Strings     0
    Constant    0
    Data        0
    BSS         0
    Persistent  0
    Stack       0

Auto Spaces:
    Space          Size  Autos    Used
    COMRAM          127      0       0
    BANK0           128      0       0
    BANK1           256      0       0
    BANK2           256      0       0
    BANK3           256      0       0
    BANK4           256      0       0
    BANK5           256      0       0

Pointer List with Targets:

    None.

Critical Paths under _main in COMRAM

    None.

Critical Paths under _main in BANK0

    None.

Critical Paths under _main in BANK1

    None.

Critical Paths under _main in BANK2

    None.

Critical Paths under _main in BANK3

    None.

Critical Paths under _main in BANK4

    None.

Critical Paths under _main in BANK5

    None.

Call Graph Tables:

 ---------------------------------------------------------------------------------
 (Depth) Function   	        Calls       Base Space   Used Autos Params    Refs
 ---------------------------------------------------------------------------------
 (0) _main                                                 0     0      0       0
                         _InitDevice
 ---------------------------------------------------------------------------------
 (1) _InitDevice                                           0     0      0       0
 ---------------------------------------------------------------------------------
 Estimated maximum stack depth 1
 ---------------------------------------------------------------------------------

 Call Graph Graphs:

 _main (ROOT)
   _InitDevice

 Address spaces:
Name               Size   Autos  Total    Cost      Usage
BITCOMRAM           7F      0       0       0        0.0%
EEDATA             100      0       0       0        0.0%
NULL                 0      0       0       0        0.0%
CODE                 0      0       0       0        0.0%
COMRAM              7F      0       0       1        0.0%
STACK                0      0       0       2        0.0%
DATA                 0      0       0       3        0.0%
BITBANK0            80      0       0       4        0.0%
BANK0               80      0       0       5        0.0%
BITBANK1           100      0       0       6        0.0%
BANK1              100      0       0       7        0.0%
BITBANK2           100      0       0       8        0.0%
BANK2              100      0       0       9        0.0%
BITBANK3           100      0       0      10        0.0%
BANK3              100      0       0      11        0.0%
BITBANK4           100      0       0      12        0.0%
BANK4              100      0       0      13        0.0%
BANK5              100      0       0      14        0.0%
ABS                  0      0       0      15        0.0%
BITBANK5           100      0       0      16        0.0%
BIGRAM             5FF      0       0      17        0.0%
BITSFR               0      0       0     200        0.0%
SFR                  0      0       0     200        0.0%


Microchip Technology PIC18 Macro Assembler V2.05 build -831301201 
Symbol Table                                                                                   Mon Jun 17 23:16:31 2019

                      l8 7FF8                     _main 7FF4                     start 0000  
           ___param_bank 000000                    ?_main 0000               _InitDevice 7FF2  
        __initialization 7FFA             __end_of_main 7FFA                   ??_main 0000  
          __activetblptr 000000               __accesstop 0080  __end_of__initialization 7FFA  
          ___rparam_used 000001              ?_InitDevice 0000           __pcstackCOMRAM 0000  
    __size_of_InitDevice 0002                  __Hparam 0000                  __Lparam 0000  
                __pcinit 7FFA                  __ramtop 0600                  __ptext0 7FF4  
                __ptext1 7FF2     end_of_initialization 7FFA             ??_InitDevice 0000  
    start_initialization 7FFA       __end_of_InitDevice 7FF4                 __Hrparam 0000  
               __Lrparam 0000            __size_of_main 0006  
